

> pulsar-dashboard@0.1.0 build
> next build

[1G[0K   [1m[38;2;173;127;168m▲ Next.js 15.1.6[39m[22m

 [37m[1m [22m[39m Creating an optimized production build ...
 [32m[1m✓[22m[39m Compiled successfully
 [37m[1m [22m[39m Skipping validation of types
 [37m[1m [22m[39m Skipping linting
[?25l [37m[1m [22m[39m Collecting page data  [36m.[39m[2K[1G [37m[1m [22m[39m Collecting page data  [36m..[39m[2K[1G [37m[1m [22m[39m Collecting page data  [36m...[39m[2K[1G[?25h [37m[1m [22m[39m Collecting page data     [32m[1m✓[22m[39m Collecting page data 
[?25l [37m[1m [22m[39m Generating static pages (0/8)  [36m[    ][39m[2K[1G [37m[1m [22m[39m Generating static pages (0/8)  [36m[=   ][39m[2K[1G [37m[1m [22m[39m Generating static pages (0/8)  [36m[==  ][39m[2K[1G[?25h [32m[1m✓[22m[39m Generating static pages (8/8)
[?25l [37m[1m [22m[39m Finalizing page optimization  [36m.[39m[?25l [37m[1m [22m[39m Collecting build traces  [36m.[39m[2K[1G[?25h [37m[1m [22m[39m Collecting build traces     [32m[1m✓[22m[39m Collecting build traces 
[2K[1G[?25h [37m[1m [22m[39m Finalizing page optimization     [32m[1m✓[22m[39m Finalizing page optimization 

[4mRoute (app)[24m                              [4mSize[24m     [4mFirst Load JS[24m
┌ ○ /                                    2.12 kB         [37m[1m184 kB[22m[39m
├ ○ /_not-found                          981 B           [37m[1m106 kB[22m[39m
├ ○ /auth/login                          4.9 kB          [37m[1m240 kB[22m[39m
├ ○ /auth/register                       4.87 kB         [37m[1m240 kB[22m[39m
└ ○ /products                            36.3 kB         [37m[1m315 kB[22m[39m
+ First Load JS shared by all            [37m[1m105 kB[22m[39m
  ├ chunks/855-92380256b146b6b3.js       50.4 kB
  ├ chunks/87c73c54-7a46a9ecf637ef6b.js  52.9 kB
  └ other shared chunks (total)          1.93 kB


○  (Static)  prerendered as static content

[?25h[1G[0K⠙[1G[0K
